<?xml version="1.0" encoding="UTF-8"?>
<!-- Generated by org.testng.reporters.JUnitXMLReporter -->
<testsuite hostname="DESKTOP-CL7DG84" name="Surefire test" tests="5" failures="0" timestamp="28 May 2019 01:39:32 GMT" time="0.024" errors="0">
  <testcase name="test1" time="0.006" classname="JavaLearning.MavenDay1Test"/>
  <testcase name="test2" time="0.0" classname="JavaLearning.MavenDay1Test"/>
  <testcase name="test3" time="0.0" classname="JavaLearning.MavenDay1Test"/>
  <testcase name="browserTesting" time="0.001" classname="JavaLearning.SeleniumTest"/>
  <testcase name="webtesting" time="0.0" classname="JavaLearning.SeleniumTest"/>
</testsuite> <!-- Surefire test -->
