<?xml version="1.0" encoding="UTF-8"?>
<testng-results skipped="0" failed="0" total="2" passed="2">
  <reporter-output>
  </reporter-output>
  <suite name="Suite" duration-ms="30" started-at="2019-05-28T01:47:07Z" finished-at="2019-05-28T01:47:07Z">
    <groups>
    </groups>
    <test name="Test" duration-ms="30" started-at="2019-05-28T01:47:07Z" finished-at="2019-05-28T01:47:07Z">
      <class name="JavaLearning.SeleniumTest">
        <test-method status="PASS" signature="browserTesting()[pri:0, instance:JavaLearning.SeleniumTest@506e6d5e]" name="browserTesting" duration-ms="14" started-at="2019-05-28T07:17:07Z" finished-at="2019-05-28T07:17:07Z">
          <reporter-output>
          </reporter-output>
        </test-method> <!-- browserTesting -->
        <test-method status="PASS" signature="webtesting()[pri:0, instance:JavaLearning.SeleniumTest@506e6d5e]" name="webtesting" duration-ms="1" started-at="2019-05-28T07:17:07Z" finished-at="2019-05-28T07:17:07Z">
          <reporter-output>
          </reporter-output>
        </test-method> <!-- webtesting -->
      </class> <!-- JavaLearning.SeleniumTest -->
    </test> <!-- Test -->
  </suite> <!-- Suite -->
</testng-results>
